<?xml version="1.0" encoding="UTF-8"?>
<!-- Generated by org.testng.reporters.JUnitReportReporter -->
<testsuite hostname="DESKTOP-EFUJ16N" failures="0" tests="3" name="com.globant.test.SauceDemoTests" time="6.285" errors="0" timestamp="2024-01-04T21:43:27 ECT" skipped="0">
  <testcase classname="com.globant.test.SauceDemoTests" name="purchaseProductTest" time="2.806"/>
  <testcase classname="com.globant.test.SauceDemoTests" name="removeElementsFromCartTest" time="1.802"/>
  <testcase classname="com.globant.test.SauceDemoTests" name="logoutTest" time="1.677"/>
</testsuite> <!-- com.globant.test.SauceDemoTests -->
